2013/11/16 11:15:19 [error] [exception.CHttpException.404] exception 'CHttpException' with message 'The system is unable to find the requested action "about".' in D:\wamp\www\aso\framework\web\CController.php:483
Stack trace:
#0 D:\wamp\www\aso\framework\web\CController.php(270): CController->missingAction('about')
#1 D:\wamp\www\aso\framework\web\CWebApplication.php(282): CController->run('about')
#2 D:\wamp\www\aso\framework\web\CWebApplication.php(141): CWebApplication->runController('site/about')
#3 D:\wamp\www\aso\framework\base\CApplication.php(180): CWebApplication->processRequest()
#4 D:\wamp\www\aso\p3.websandbox.biz\index.php(13): CApplication->run()
#5 {main}
REQUEST_URI=/index.php/site/about
---
2013/11/16 11:15:35 [error] [exception.CHttpException.404] exception 'CHttpException' with message 'The system is unable to find the requested action "view".' in D:\wamp\www\aso\framework\web\CController.php:483
Stack trace:
#0 D:\wamp\www\aso\framework\web\CController.php(270): CController->missingAction('view')
#1 D:\wamp\www\aso\framework\web\CWebApplication.php(282): CController->run('view')
#2 D:\wamp\www\aso\framework\web\CWebApplication.php(141): CWebApplication->runController('site/view/about')
#3 D:\wamp\www\aso\framework\base\CApplication.php(180): CWebApplication->processRequest()
#4 D:\wamp\www\aso\p3.websandbox.biz\index.php(13): CApplication->run()
#5 {main}
REQUEST_URI=/index.php/site/view/about
---
2013/11/16 11:16:10 [error] [exception.CHttpException.404] exception 'CHttpException' with message 'The system is unable to find the requested action "list".' in D:\wamp\www\aso\framework\web\CController.php:483
Stack trace:
#0 D:\wamp\www\aso\framework\web\CController.php(270): CController->missingAction('list')
#1 D:\wamp\www\aso\framework\web\CWebApplication.php(282): CController->run('list')
#2 D:\wamp\www\aso\framework\web\CWebApplication.php(141): CWebApplication->runController('site/list')
#3 D:\wamp\www\aso\framework\base\CApplication.php(180): CWebApplication->processRequest()
#4 D:\wamp\www\aso\p3.websandbox.biz\index.php(13): CApplication->run()
#5 {main}
REQUEST_URI=/index.php/site?view=about
---
2013/11/16 11:16:51 [error] [exception.CHttpException.404] exception 'CHttpException' with message 'The system is unable to find the requested action "list".' in D:\wamp\www\aso\framework\web\CController.php:483
Stack trace:
#0 D:\wamp\www\aso\framework\web\CController.php(270): CController->missingAction('list')
#1 D:\wamp\www\aso\framework\web\CWebApplication.php(282): CController->run('list')
#2 D:\wamp\www\aso\framework\web\CWebApplication.php(141): CWebApplication->runController('site/list')
#3 D:\wamp\www\aso\framework\base\CApplication.php(180): CWebApplication->processRequest()
#4 D:\wamp\www\aso\p3.websandbox.biz\index.php(13): CApplication->run()
#5 {main}
REQUEST_URI=/index.php/site?view=about
---
2013/11/16 11:16:51 [error] [exception.CHttpException.404] exception 'CHttpException' with message 'The system is unable to find the requested action "view".' in D:\wamp\www\aso\framework\web\CController.php:483
Stack trace:
#0 D:\wamp\www\aso\framework\web\CController.php(270): CController->missingAction('view')
#1 D:\wamp\www\aso\framework\web\CWebApplication.php(282): CController->run('view')
#2 D:\wamp\www\aso\framework\web\CWebApplication.php(141): CWebApplication->runController('site/view/about')
#3 D:\wamp\www\aso\framework\base\CApplication.php(180): CWebApplication->processRequest()
#4 D:\wamp\www\aso\p3.websandbox.biz\index.php(13): CApplication->run()
#5 {main}
REQUEST_URI=/index.php/site/view/about
---
2013/11/16 11:16:51 [error] [exception.CHttpException.404] exception 'CHttpException' with message 'The system is unable to find the requested action "about".' in D:\wamp\www\aso\framework\web\CController.php:483
Stack trace:
#0 D:\wamp\www\aso\framework\web\CController.php(270): CController->missingAction('about')
#1 D:\wamp\www\aso\framework\web\CWebApplication.php(282): CController->run('about')
#2 D:\wamp\www\aso\framework\web\CWebApplication.php(141): CWebApplication->runController('site/about')
#3 D:\wamp\www\aso\framework\base\CApplication.php(180): CWebApplication->processRequest()
#4 D:\wamp\www\aso\p3.websandbox.biz\index.php(13): CApplication->run()
#5 {main}
REQUEST_URI=/index.php/site/about
---
2013/11/16 17:40:19 [error] [exception.CHttpException.404] exception 'CHttpException' with message 'Unable to resolve the request "favicon.ico".' in D:\wamp\www\aso\framework\web\CWebApplication.php:286
Stack trace:
#0 D:\wamp\www\aso\framework\web\CWebApplication.php(141): CWebApplication->runController('favicon.ico')
#1 D:\wamp\www\aso\framework\base\CApplication.php(180): CWebApplication->processRequest()
#2 D:\wamp\www\aso\p3.websandbox.biz\index.php(13): CApplication->run()
#3 {main}
REQUEST_URI=/favicon.ico
---
2013/11/16 17:49:59 [error] [exception.CHttpException.404] exception 'CHttpException' with message 'Unable to resolve the request "something/notreally/existing".' in D:\wamp\www\aso\framework\web\CWebApplication.php:286
Stack trace:
#0 D:\wamp\www\aso\framework\web\CWebApplication.php(141): CWebApplication->runController('something/notre...')
#1 D:\wamp\www\aso\framework\base\CApplication.php(180): CWebApplication->processRequest()
#2 D:\wamp\www\aso\p3.websandbox.biz\index.php(13): CApplication->run()
#3 {main}
REQUEST_URI=/something/notreally/existing
---
2013/11/16 18:52:26 [error] [exception.CHttpException.404] exception 'CHttpException' with message 'Unable to resolve the request "something/notreally/existing".' in D:\wamp\www\aso\framework\web\CWebApplication.php:286
Stack trace:
#0 D:\wamp\www\aso\framework\web\CWebApplication.php(141): CWebApplication->runController('something/notre...')
#1 D:\wamp\www\aso\framework\base\CApplication.php(180): CWebApplication->processRequest()
#2 D:\wamp\www\aso\p3.websandbox.biz\index.php(13): CApplication->run()
#3 {main}
REQUEST_URI=/something/notreally/existing
---
2013/11/16 18:58:08 [error] [exception.CHttpException.404] exception 'CHttpException' with message 'The system is unable to find the requested action "about".' in D:\wamp\www\aso\framework\web\CController.php:483
Stack trace:
#0 D:\wamp\www\aso\framework\web\CController.php(270): CController->missingAction('about')
#1 D:\wamp\www\aso\framework\web\CWebApplication.php(282): CController->run('about')
#2 D:\wamp\www\aso\framework\web\CWebApplication.php(141): CWebApplication->runController('site/about')
#3 D:\wamp\www\aso\framework\base\CApplication.php(180): CWebApplication->processRequest()
#4 D:\wamp\www\aso\p3.websandbox.biz\index.php(13): CApplication->run()
#5 {main}
REQUEST_URI=/about.html
---
2013/11/16 18:58:14 [error] [exception.CHttpException.404] exception 'CHttpException' with message 'The system is unable to find the requested action "about".' in D:\wamp\www\aso\framework\web\CController.php:483
Stack trace:
#0 D:\wamp\www\aso\framework\web\CController.php(270): CController->missingAction('about')
#1 D:\wamp\www\aso\framework\web\CWebApplication.php(282): CController->run('about')
#2 D:\wamp\www\aso\framework\web\CWebApplication.php(141): CWebApplication->runController('site/about')
#3 D:\wamp\www\aso\framework\base\CApplication.php(180): CWebApplication->processRequest()
#4 D:\wamp\www\aso\p3.websandbox.biz\index.php(13): CApplication->run()
#5 {main}
REQUEST_URI=/about.html
---
